[2020-03-12 13:00:33 +0000] [1] [INFO] Starting gunicorn 20.0.4
[2020-03-12 13:00:33 +0000] [1] [INFO] Listening at: http://0.0.0.0:8000 (1)
[2020-03-12 13:00:33 +0000] [1] [INFO] Using worker: gevent
[2020-03-12 13:00:33 +0000] [164] [INFO] Booting worker with pid: 164
[2020-03-12 13:00:33 +0000] [165] [INFO] Booting worker with pid: 165
[2020-03-12 13:00:33 +0000] [166] [INFO] Booting worker with pid: 166
[2020-03-12 13:00:33 +0000] [167] [INFO] Booting worker with pid: 167
[2020-03-12 13:00:33 +0000] [169] [INFO] Booting worker with pid: 169
[2020-03-12 13:00:33 +0000] [168] [INFO] Booting worker with pid: 168
[2020-03-12 13:00:33 +0000] [170] [INFO] Booting worker with pid: 170
[2020-03-12 13:00:33 +0000] [171] [INFO] Booting worker with pid: 171
[2020-03-12 13:01:05 +0000] [1] [INFO] Handling signal: term
[2020-03-12 13:01:06 +0000] [164] [INFO] Worker exiting (pid: 164)
[2020-03-12 13:01:06 +0000] [165] [INFO] Worker exiting (pid: 165)
[2020-03-12 13:01:06 +0000] [167] [INFO] Worker exiting (pid: 167)
[2020-03-12 13:01:06 +0000] [166] [INFO] Worker exiting (pid: 166)
[2020-03-12 13:01:06 +0000] [171] [INFO] Worker exiting (pid: 171)
[2020-03-12 13:01:06 +0000] [168] [INFO] Worker exiting (pid: 168)
[2020-03-12 13:01:06 +0000] [170] [INFO] Worker exiting (pid: 170)
[2020-03-12 13:01:06 +0000] [169] [INFO] Worker exiting (pid: 169)
[2020-03-12 13:01:06 +0000] [1] [INFO] Shutting down: Master
